This is pdfTeX, Version 3.1415926-2.5-1.40.14 (TeX Live 2013/Debian) (format=pdflatex 2017.10.10)  25 MAR 2018 23:41
entering extended mode
 restricted \write18 enabled.
 %&-line parsing enabled.
**report.tex
(./report.tex
LaTeX2e <2011/06/27>
Babel <3.9h> and hyphenation patterns for 78 languages loaded.
(/usr/share/texlive/texmf-dist/tex/latex/base/report.cls
Document Class: report 2007/10/19 v1.4h Standard LaTeX document class
(/usr/share/texlive/texmf-dist/tex/latex/base/size10.clo
File: size10.clo 2007/10/19 v1.4h Standard LaTeX file (size option)
)
\c@part=\count79
\c@chapter=\count80
\c@section=\count81
\c@subsection=\count82
\c@subsubsection=\count83
\c@paragraph=\count84
\c@subparagraph=\count85
\c@figure=\count86
\c@table=\count87
\abovecaptionskip=\skip41
\belowcaptionskip=\skip42
\bibindent=\dimen102
)
(/usr/share/texlive/texmf-dist/tex/latex/lipsum/lipsum.sty
Package: lipsum 2011/04/14 v1.2 150 paragraphs of Lorem Ipsum dummy text
\c@lips@count=\count88
)
(/usr/share/texlive/texmf-dist/tex/latex/lineno/lineno.sty
Package: lineno 2005/11/02 line numbers on paragraphs v4.41
\linenopenalty=\count89
\output=\toks14
\linenoprevgraf=\count90
\linenumbersep=\dimen103
\linenumberwidth=\dimen104
\c@linenumber=\count91
\c@pagewiselinenumber=\count92
\c@LN@truepage=\count93
\c@internallinenumber=\count94
\c@internallinenumbers=\count95
\quotelinenumbersep=\dimen105
\bframerule=\dimen106
\bframesep=\dimen107
\bframebox=\box26
LaTeX Info: Redefining \\ on input line 3056.
)
(/usr/share/texlive/texmf-dist/tex/latex/graphics/graphicx.sty
Package: graphicx 1999/02/16 v1.0f Enhanced LaTeX Graphics (DPC,SPQR)

(/usr/share/texlive/texmf-dist/tex/latex/graphics/keyval.sty
Package: keyval 1999/03/16 v1.13 key=value parser (DPC)
\KV@toks@=\toks15
)
(/usr/share/texlive/texmf-dist/tex/latex/graphics/graphics.sty
Package: graphics 2009/02/05 v1.0o Standard LaTeX Graphics (DPC,SPQR)

(/usr/share/texlive/texmf-dist/tex/latex/graphics/trig.sty
Package: trig 1999/03/16 v1.09 sin cos tan (DPC)
)
(/usr/share/texlive/texmf-dist/tex/latex/latexconfig/graphics.cfg
File: graphics.cfg 2010/04/23 v1.9 graphics configuration of TeX Live
)
Package graphics Info: Driver file: pdftex.def on input line 91.

(/usr/share/texlive/texmf-dist/tex/latex/pdftex-def/pdftex.def
File: pdftex.def 2011/05/27 v0.06d Graphics/color for pdfTeX

(/usr/share/texlive/texmf-dist/tex/generic/oberdiek/infwarerr.sty
Package: infwarerr 2010/04/08 v1.3 Providing info/warning/error messages (HO)
)
(/usr/share/texlive/texmf-dist/tex/generic/oberdiek/ltxcmds.sty
Package: ltxcmds 2011/11/09 v1.22 LaTeX kernel commands for general use (HO)
)
\Gread@gobject=\count96
))
\Gin@req@height=\dimen108
\Gin@req@width=\dimen109
)
(/usr/share/texlive/texmf-dist/tex/latex/caption/subcaption.sty
Package: subcaption 2013/02/03 v1.1-62 Sub-captions (AR)

(/usr/share/texlive/texmf-dist/tex/latex/caption/caption.sty
Package: caption 2013/05/02 v3.3-89 Customizing captions (AR)

(/usr/share/texlive/texmf-dist/tex/latex/caption/caption3.sty
Package: caption3 2013/05/02 v1.6-88 caption3 kernel (AR)
Package caption3 Info: TeX engine: e-TeX on input line 57.
\captionmargin=\dimen110
\captionmargin@=\dimen111
\captionwidth=\dimen112
\caption@tempdima=\dimen113
\caption@indent=\dimen114
\caption@parindent=\dimen115
\caption@hangindent=\dimen116
)
\c@ContinuedFloat=\count97
)
\c@subfigure=\count98
\c@subtable=\count99
)
(/usr/share/texlive/texmf-dist/tex/latex/hyperref/hyperref.sty
Package: hyperref 2012/11/06 v6.83m Hypertext links for LaTeX

(/usr/share/texlive/texmf-dist/tex/generic/oberdiek/hobsub-hyperref.sty
Package: hobsub-hyperref 2012/05/28 v1.13 Bundle oberdiek, subset hyperref (HO)


(/usr/share/texlive/texmf-dist/tex/generic/oberdiek/hobsub-generic.sty
Package: hobsub-generic 2012/05/28 v1.13 Bundle oberdiek, subset generic (HO)
Package: hobsub 2012/05/28 v1.13 Construct package bundles (HO)
Package hobsub Info: Skipping package `infwarerr' (already loaded).
Package hobsub Info: Skipping package `ltxcmds' (already loaded).
Package: ifluatex 2010/03/01 v1.3 Provides the ifluatex switch (HO)
Package ifluatex Info: LuaTeX not detected.
Package: ifvtex 2010/03/01 v1.5 Detect VTeX and its facilities (HO)
Package ifvtex Info: VTeX not detected.
Package: intcalc 2007/09/27 v1.1 Expandable calculations with integers (HO)
Package: ifpdf 2011/01/30 v2.3 Provides the ifpdf switch (HO)
Package ifpdf Info: pdfTeX in PDF mode is detected.
Package: etexcmds 2011/02/16 v1.5 Avoid name clashes with e-TeX commands (HO)
Package etexcmds Info: Could not find \expanded.
(etexcmds)             That can mean that you are not using pdfTeX 1.50 or
(etexcmds)             that some package has redefined \expanded.
(etexcmds)             In the latter case, load this package earlier.
Package: kvsetkeys 2012/04/25 v1.16 Key value parser (HO)
Package: kvdefinekeys 2011/04/07 v1.3 Define keys (HO)
Package: pdftexcmds 2011/11/29 v0.20 Utility functions of pdfTeX for LuaTeX (HO
)
Package pdftexcmds Info: LuaTeX not detected.
Package pdftexcmds Info: \pdf@primitive is available.
Package pdftexcmds Info: \pdf@ifprimitive is available.
Package pdftexcmds Info: \pdfdraftmode found.
Package: pdfescape 2011/11/25 v1.13 Implements pdfTeX's escape features (HO)
Package: bigintcalc 2012/04/08 v1.3 Expandable calculations on big integers (HO
)
Package: bitset 2011/01/30 v1.1 Handle bit-vector datatype (HO)
Package: uniquecounter 2011/01/30 v1.2 Provide unlimited unique counter (HO)
)
Package hobsub Info: Skipping package `hobsub' (already loaded).
Package: letltxmacro 2010/09/02 v1.4 Let assignment for LaTeX macros (HO)
Package: hopatch 2012/05/28 v1.2 Wrapper for package hooks (HO)
Package: xcolor-patch 2011/01/30 xcolor patch
Package: atveryend 2011/06/30 v1.8 Hooks at the very end of document (HO)
Package atveryend Info: \enddocument detected (standard20110627).
Package: atbegshi 2011/10/05 v1.16 At begin shipout hook (HO)
Package: refcount 2011/10/16 v3.4 Data extraction from label references (HO)
Package: hycolor 2011/01/30 v1.7 Color options for hyperref/bookmark (HO)
)
(/usr/share/texlive/texmf-dist/tex/generic/ifxetex/ifxetex.sty
Package: ifxetex 2010/09/12 v0.6 Provides ifxetex conditional
)
(/usr/share/texlive/texmf-dist/tex/latex/oberdiek/auxhook.sty
Package: auxhook 2011/03/04 v1.3 Hooks for auxiliary files (HO)
)
(/usr/share/texlive/texmf-dist/tex/latex/oberdiek/kvoptions.sty
Package: kvoptions 2011/06/30 v3.11 Key value format for package options (HO)
)
\@linkdim=\dimen117
\Hy@linkcounter=\count100
\Hy@pagecounter=\count101

(/usr/share/texlive/texmf-dist/tex/latex/hyperref/pd1enc.def
File: pd1enc.def 2012/11/06 v6.83m Hyperref: PDFDocEncoding definition (HO)
)
\Hy@SavedSpaceFactor=\count102

(/usr/share/texlive/texmf-dist/tex/latex/latexconfig/hyperref.cfg
File: hyperref.cfg 2002/06/06 v1.2 hyperref configuration of TeXLive
)
Package hyperref Info: Hyper figures OFF on input line 4443.
Package hyperref Info: Link nesting OFF on input line 4448.
Package hyperref Info: Hyper index ON on input line 4451.
Package hyperref Info: Plain pages OFF on input line 4458.
Package hyperref Info: Backreferencing OFF on input line 4463.
Package hyperref Info: Implicit mode ON; LaTeX internals redefined.
Package hyperref Info: Bookmarks ON on input line 4688.
\c@Hy@tempcnt=\count103

(/usr/share/texlive/texmf-dist/tex/latex/url/url.sty
\Urlmuskip=\muskip10
Package: url 2013/09/16  ver 3.4  Verb mode for urls, etc.
)
LaTeX Info: Redefining \url on input line 5041.
\XeTeXLinkMargin=\dimen118
\Fld@menulength=\count104
\Field@Width=\dimen119
\Fld@charsize=\dimen120
Package hyperref Info: Hyper figures OFF on input line 6295.
Package hyperref Info: Link nesting OFF on input line 6300.
Package hyperref Info: Hyper index ON on input line 6303.
Package hyperref Info: backreferencing OFF on input line 6310.
Package hyperref Info: Link coloring OFF on input line 6315.
Package hyperref Info: Link coloring with OCG OFF on input line 6320.
Package hyperref Info: PDF/A mode OFF on input line 6325.
LaTeX Info: Redefining \ref on input line 6365.
LaTeX Info: Redefining \pageref on input line 6369.
\Hy@abspage=\count105
\c@Item=\count106
\c@Hfootnote=\count107
)

Package hyperref Message: Driver (autodetected): hpdftex.

(/usr/share/texlive/texmf-dist/tex/latex/hyperref/hpdftex.def
File: hpdftex.def 2012/11/06 v6.83m Hyperref driver for pdfTeX
\Fld@listcount=\count108
\c@bookmark@seq@number=\count109

(/usr/share/texlive/texmf-dist/tex/latex/oberdiek/rerunfilecheck.sty
Package: rerunfilecheck 2011/04/15 v1.7 Rerun checks for auxiliary files (HO)
Package uniquecounter Info: New unique counter `rerunfilecheck' on input line 2
82.
)
\Hy@SectionHShift=\skip43
)
(/usr/share/texlive/texmf-dist/tex/latex/geometry/geometry.sty
Package: geometry 2010/09/12 v5.6 Page Geometry
\Gm@cnth=\count110
\Gm@cntv=\count111
\c@Gm@tempcnt=\count112
\Gm@bindingoffset=\dimen121
\Gm@wd@mp=\dimen122
\Gm@odd@mp=\dimen123
\Gm@even@mp=\dimen124
\Gm@layoutwidth=\dimen125
\Gm@layoutheight=\dimen126
\Gm@layouthoffset=\dimen127
\Gm@layoutvoffset=\dimen128
\Gm@dimlist=\toks16
) (./report.aux

LaTeX Warning: Label `fig:part1' multiply defined.


LaTeX Warning: Label `sub@fig:part1' multiply defined.


LaTeX Warning: Label `fig:part2' multiply defined.


LaTeX Warning: Label `sub@fig:part2' multiply defined.


LaTeX Warning: Label `fig:part1' multiply defined.


LaTeX Warning: Label `sub@fig:part1' multiply defined.


LaTeX Warning: Label `fig:part1' multiply defined.


LaTeX Warning: Label `sub@fig:part1' multiply defined.


LaTeX Warning: Label `fig:part2' multiply defined.


LaTeX Warning: Label `sub@fig:part2' multiply defined.


LaTeX Warning: Label `fig:part1' multiply defined.


LaTeX Warning: Label `sub@fig:part1' multiply defined.


LaTeX Warning: Label `fig:part2' multiply defined.


LaTeX Warning: Label `sub@fig:part2' multiply defined.


LaTeX Warning: Label `fig:part1' multiply defined.


LaTeX Warning: Label `sub@fig:part1' multiply defined.


LaTeX Warning: Label `fig:composite' multiply defined.

)
\openout1 = `report.aux'.

LaTeX Font Info:    Checking defaults for OML/cmm/m/it on input line 19.
LaTeX Font Info:    ... okay on input line 19.
LaTeX Font Info:    Checking defaults for T1/cmr/m/n on input line 19.
LaTeX Font Info:    ... okay on input line 19.
LaTeX Font Info:    Checking defaults for OT1/cmr/m/n on input line 19.
LaTeX Font Info:    ... okay on input line 19.
LaTeX Font Info:    Checking defaults for OMS/cmsy/m/n on input line 19.
LaTeX Font Info:    ... okay on input line 19.
LaTeX Font Info:    Checking defaults for OMX/cmex/m/n on input line 19.
LaTeX Font Info:    ... okay on input line 19.
LaTeX Font Info:    Checking defaults for U/cmr/m/n on input line 19.
LaTeX Font Info:    ... okay on input line 19.
LaTeX Font Info:    Checking defaults for PD1/pdf/m/n on input line 19.
LaTeX Font Info:    ... okay on input line 19.
 (/usr/share/texlive/texmf-dist/tex/context/base/supp-pdf.mkii
[Loading MPS to PDF converter (version 2006.09.02).]
\scratchcounter=\count113
\scratchdimen=\dimen129
\scratchbox=\box27
\nofMPsegments=\count114
\nofMParguments=\count115
\everyMPshowfont=\toks17
\MPscratchCnt=\count116
\MPscratchDim=\dimen130
\MPnumerator=\count117
\makeMPintoPDFobject=\count118
\everyMPtoPDFconversion=\toks18
) (/usr/share/texlive/texmf-dist/tex/latex/oberdiek/epstopdf-base.sty
Package: epstopdf-base 2010/02/09 v2.5 Base part for package epstopdf

(/usr/share/texlive/texmf-dist/tex/latex/oberdiek/grfext.sty
Package: grfext 2010/08/19 v1.1 Manage graphics extensions (HO)
)
Package grfext Info: Graphics extension search list:
(grfext)             [.png,.pdf,.jpg,.mps,.jpeg,.jbig2,.jb2,.PNG,.PDF,.JPG,.JPE
G,.JBIG2,.JB2,.eps]
(grfext)             \AppendGraphicsExtensions on input line 452.

(/usr/share/texlive/texmf-dist/tex/latex/latexconfig/epstopdf-sys.cfg
File: epstopdf-sys.cfg 2010/07/13 v1.3 Configuration of (r)epstopdf for TeX Liv
e
))
Package caption Info: Begin \AtBeginDocument code.
Package caption Info: hyperref package is loaded.
Package caption Info: End \AtBeginDocument code.
\AtBeginShipoutBox=\box28
Package hyperref Info: Link coloring OFF on input line 19.

(/usr/share/texlive/texmf-dist/tex/latex/hyperref/nameref.sty
Package: nameref 2012/10/27 v2.43 Cross-referencing by name of section

(/usr/share/texlive/texmf-dist/tex/generic/oberdiek/gettitlestring.sty
Package: gettitlestring 2010/12/03 v1.4 Cleanup title references (HO)
)
\c@section@level=\count119
)
LaTeX Info: Redefining \ref on input line 19.
LaTeX Info: Redefining \pageref on input line 19.
LaTeX Info: Redefining \nameref on input line 19.

(./report.out) (./report.out)
\@outlinefile=\write3
\openout3 = `report.out'.


*geometry* driver: auto-detecting
*geometry* detected driver: pdftex
*geometry* verbose mode - [ preamble ] result:
* driver: pdftex
* paper: a4paper
* layout: <same size as paper>
* layoutoffset:(h,v)=(0.0pt,0.0pt)
* modes: 
* h-part:(L,W,R)=(62.59605pt, 483.69684pt, 51.21498pt)
* v-part:(T,H,B)=(62.59605pt, 731.23582pt, 51.21497pt)
* \paperwidth=597.50787pt
* \paperheight=845.04684pt
* \textwidth=483.69684pt
* \textheight=731.23582pt
* \oddsidemargin=-9.67393pt
* \evensidemargin=-9.67393pt
* \topmargin=-46.67393pt
* \headheight=12.0pt
* \headsep=25.0pt
* \topskip=10.0pt
* \footskip=30.0pt
* \marginparwidth=57.0pt
* \marginparsep=11.0pt
* \columnsep=10.0pt
* \skip\footins=9.0pt plus 4.0pt minus 2.0pt
* \hoffset=0.0pt
* \voffset=0.0pt
* \mag=1000
* \@twocolumnfalse
* \@twosidefalse
* \@mparswitchfalse
* \@reversemarginfalse
* (1in=72.27pt=25.4mm, 1cm=28.453pt)

! Undefined control sequence.
l.21 \text
          
? q
OK, entering \batchmode...
! Misplaced \noalign.
\hline ->\noalign 
                  {\ifnum 0=`}\fi \hrule \@height \arrayrulewidth \futurelet...
l.25 \hline
            \hline
I expect to see \noalign only after the \cr of
an alignment. Proceed, and I'll ignore this case.

! Misplaced \noalign.
\hline ->\noalign 
                  {\ifnum 0=`}\fi \hrule \@height \arrayrulewidth \futurelet...
l.25 \hline \hline
                  
I expect to see \noalign only after the \cr of
an alignment. Proceed, and I'll ignore this case.

Package epstopdf Info: Source file: <o1.eps>
(epstopdf)                    date: 2018-03-25 17:38:35
(epstopdf)                    size: 27590 bytes
(epstopdf)             Output file: <o1-eps-converted-to.pdf>
(epstopdf)             Command: <repstopdf --outfile=o1-eps-converted-to.pdf o1
.eps>
(epstopdf)             \includegraphics on input line 30.
runsystem(repstopdf --outfile=o1-eps-converted-to.pdf o1.eps)...executed safely
 (allowed).

Package epstopdf Info: Result file: <o1-eps-converted-to.pdf>
(epstopdf)                    date: 2018-03-25 23:42:00
(epstopdf)                    size: 7606 bytes.
 <o1-eps-converted-to.pdf, id=4, 361.35pt x 252.945pt>
File: o1-eps-converted-to.pdf Graphic file (type pdf)
 <use o1-eps-converted-to.pdf>
Package pdftex.def Info: o1-eps-converted-to.pdf used on input line 30.
(pdftex.def)             Requested size: 198.31747pt x 138.82298pt.
LaTeX Font Info:    External font `cmex10' loaded for size
(Font)              <7> on input line 33.
LaTeX Font Info:    External font `cmex10' loaded for size
(Font)              <5> on input line 33.
Package epstopdf Info: Source file: <o2.eps>
(epstopdf)                    date: 2018-03-25 17:38:35
(epstopdf)                    size: 27590 bytes
(epstopdf)             Output file: <o2-eps-converted-to.pdf>
(epstopdf)             Command: <repstopdf --outfile=o2-eps-converted-to.pdf o2
.eps>
(epstopdf)             \includegraphics on input line 36.
runsystem(repstopdf --outfile=o2-eps-converted-to.pdf o2.eps)...executed safely
 (allowed).

Package epstopdf Info: Result file: <o2-eps-converted-to.pdf>
(epstopdf)                    date: 2018-03-25 23:42:00
(epstopdf)                    size: 8451 bytes.
 <o2-eps-converted-to.pdf, id=5, 361.35pt x 252.945pt>
File: o2-eps-converted-to.pdf Graphic file (type pdf)
 <use o2-eps-converted-to.pdf>
Package pdftex.def Info: o2-eps-converted-to.pdf used on input line 36.
(pdftex.def)             Requested size: 198.31747pt x 138.82298pt.
Package epstopdf Info: Source file: <o4.eps>
(epstopdf)                    date: 2018-03-25 17:38:35
(epstopdf)                    size: 27237 bytes
(epstopdf)             Output file: <o4-eps-converted-to.pdf>
(epstopdf)             Command: <repstopdf --outfile=o4-eps-converted-to.pdf o4
.eps>
(epstopdf)             \includegraphics on input line 44.
runsystem(repstopdf --outfile=o4-eps-converted-to.pdf o4.eps)...executed safely
 (allowed).

Package epstopdf Info: Result file: <o4-eps-converted-to.pdf>
(epstopdf)                    date: 2018-03-25 23:42:01
(epstopdf)                    size: 8866 bytes.
 <o4-eps-converted-to.pdf, id=6, 361.35pt x 252.945pt>
File: o4-eps-converted-to.pdf Graphic file (type pdf)
 <use o4-eps-converted-to.pdf>
Package pdftex.def Info: o4-eps-converted-to.pdf used on input line 44.
(pdftex.def)             Requested size: 198.31747pt x 138.82298pt.
Package epstopdf Info: Source file: <o8.eps>
(epstopdf)                    date: 2018-03-25 17:38:35
(epstopdf)                    size: 27289 bytes
(epstopdf)             Output file: <o8-eps-converted-to.pdf>
(epstopdf)             Command: <repstopdf --outfile=o8-eps-converted-to.pdf o8
.eps>
(epstopdf)             \includegraphics on input line 50.
runsystem(repstopdf --outfile=o8-eps-converted-to.pdf o8.eps)...executed safely
 (allowed).

Package epstopdf Info: Result file: <o8-eps-converted-to.pdf>
(epstopdf)                    date: 2018-03-25 23:42:01
(epstopdf)                    size: 9723 bytes.
 <o8-eps-converted-to.pdf, id=7, 361.35pt x 252.945pt>
File: o8-eps-converted-to.pdf Graphic file (type pdf)
 <use o8-eps-converted-to.pdf>
Package pdftex.def Info: o8-eps-converted-to.pdf used on input line 50.
(pdftex.def)             Requested size: 198.31747pt x 138.82298pt.
Package epstopdf Info: Source file: <o16.eps>
(epstopdf)                    date: 2018-03-25 17:38:35
(epstopdf)                    size: 27301 bytes
(epstopdf)             Output file: <o16-eps-converted-to.pdf>
(epstopdf)             Command: <repstopdf --outfile=o16-eps-converted-to.pdf o
16.eps>
(epstopdf)             \includegraphics on input line 57.
runsystem(repstopdf --outfile=o16-eps-converted-to.pdf o16.eps)...executed safe
ly (allowed).

Package epstopdf Info: Result file: <o16-eps-converted-to.pdf>
(epstopdf)                    date: 2018-03-25 23:42:01
(epstopdf)                    size: 9637 bytes.
 <o16-eps-converted-to.pdf, id=8, 361.35pt x 252.945pt>
File: o16-eps-converted-to.pdf Graphic file (type pdf)
 <use o16-eps-converted-to.pdf>
Package pdftex.def Info: o16-eps-converted-to.pdf used on input line 57.
(pdftex.def)             Requested size: 198.31747pt x 138.82298pt.
Package epstopdf Info: Source file: <l1.eps>
(epstopdf)                    date: 2018-03-25 17:40:10
(epstopdf)                    size: 22271 bytes
(epstopdf)             Output file: <l1-eps-converted-to.pdf>
(epstopdf)             Command: <repstopdf --outfile=l1-eps-converted-to.pdf l1
.eps>
(epstopdf)             \includegraphics on input line 68.
runsystem(repstopdf --outfile=l1-eps-converted-to.pdf l1.eps)...executed safely
 (allowed).

Package epstopdf Info: Result file: <l1-eps-converted-to.pdf>
(epstopdf)                    date: 2018-03-25 23:42:02
(epstopdf)                    size: 6639 bytes.
 <l1-eps-converted-to.pdf, id=9, 361.35pt x 252.945pt>
File: l1-eps-converted-to.pdf Graphic file (type pdf)
 <use l1-eps-converted-to.pdf>
Package pdftex.def Info: l1-eps-converted-to.pdf used on input line 68.
(pdftex.def)             Requested size: 198.31747pt x 138.82298pt.
Package epstopdf Info: Source file: <l2.eps>
(epstopdf)                    date: 2018-03-25 17:40:10
(epstopdf)                    size: 22271 bytes
(epstopdf)             Output file: <l2-eps-converted-to.pdf>
(epstopdf)             Command: <repstopdf --outfile=l2-eps-converted-to.pdf l2
.eps>
(epstopdf)             \includegraphics on input line 74.
runsystem(repstopdf --outfile=l2-eps-converted-to.pdf l2.eps)...executed safely
 (allowed).

Package epstopdf Info: Result file: <l2-eps-converted-to.pdf>
(epstopdf)                    date: 2018-03-25 23:42:02
(epstopdf)                    size: 6595 bytes.
 <l2-eps-converted-to.pdf, id=10, 361.35pt x 252.945pt>
File: l2-eps-converted-to.pdf Graphic file (type pdf)
 <use l2-eps-converted-to.pdf>
Package pdftex.def Info: l2-eps-converted-to.pdf used on input line 74.
(pdftex.def)             Requested size: 198.31747pt x 138.82298pt.
Package epstopdf Info: Source file: <l4.eps>
(epstopdf)                    date: 2018-03-25 17:40:10
(epstopdf)                    size: 22554 bytes
(epstopdf)             Output file: <l4-eps-converted-to.pdf>
(epstopdf)             Command: <repstopdf --outfile=l4-eps-converted-to.pdf l4
.eps>
(epstopdf)             \includegraphics on input line 82.
runsystem(repstopdf --outfile=l4-eps-converted-to.pdf l4.eps)...executed safely
 (allowed).

Package epstopdf Info: Result file: <l4-eps-converted-to.pdf>
(epstopdf)                    date: 2018-03-25 23:42:02
(epstopdf)                    size: 6419 bytes.
 <l4-eps-converted-to.pdf, id=11, 361.35pt x 252.945pt>
File: l4-eps-converted-to.pdf Graphic file (type pdf)
 <use l4-eps-converted-to.pdf>
Package pdftex.def Info: l4-eps-converted-to.pdf used on input line 82.
(pdftex.def)             Requested size: 198.31747pt x 138.82298pt.
Package epstopdf Info: Source file: <l8.eps>
(epstopdf)                    date: 2018-03-25 17:40:10
(epstopdf)                    size: 22698 bytes
(epstopdf)             Output file: <l8-eps-converted-to.pdf>
(epstopdf)             Command: <repstopdf --outfile=l8-eps-converted-to.pdf l8
.eps>
(epstopdf)             \includegraphics on input line 88.
runsystem(repstopdf --outfile=l8-eps-converted-to.pdf l8.eps)...executed safely
 (allowed).

Package epstopdf Info: Result file: <l8-eps-converted-to.pdf>
(epstopdf)                    date: 2018-03-25 23:42:02
(epstopdf)                    size: 6438 bytes.
 <l8-eps-converted-to.pdf, id=12, 361.35pt x 252.945pt>
File: l8-eps-converted-to.pdf Graphic file (type pdf)
 <use l8-eps-converted-to.pdf>
Package pdftex.def Info: l8-eps-converted-to.pdf used on input line 88.
(pdftex.def)             Requested size: 198.31747pt x 138.82298pt.
Package epstopdf Info: Source file: <l16.eps>
(epstopdf)                    date: 2018-03-25 17:40:10
(epstopdf)                    size: 22701 bytes
(epstopdf)             Output file: <l16-eps-converted-to.pdf>
(epstopdf)             Command: <repstopdf --outfile=l16-eps-converted-to.pdf l
16.eps>
(epstopdf)             \includegraphics on input line 95.
runsystem(repstopdf --outfile=l16-eps-converted-to.pdf l16.eps)...executed safe
ly (allowed).

Package epstopdf Info: Result file: <l16-eps-converted-to.pdf>
(epstopdf)                    date: 2018-03-25 23:42:03
(epstopdf)                    size: 6438 bytes.

<l16-eps-converted-to.pdf, id=13, 361.35pt x 252.945pt>
File: l16-eps-converted-to.pdf Graphic file (type pdf)
 <use l16-eps-converted-to.pdf>
Package pdftex.def Info: l16-eps-converted-to.pdf used on input line 95.
(pdftex.def)             Requested size: 198.31747pt x 138.82298pt.
Package epstopdf Info: Source file: <bar.eps>
(epstopdf)                    date: 2018-03-25 17:42:46
(epstopdf)                    size: 24982 bytes
(epstopdf)             Output file: <bar-eps-converted-to.pdf>
(epstopdf)                    date: 2018-03-25 22:49:04
(epstopdf)                    size: 13394 bytes
(epstopdf)             Command: <repstopdf --outfile=bar-eps-converted-to.pdf b
ar.eps>
(epstopdf)             \includegraphics on input line 105.
Package epstopdf Info: Output file is already uptodate.

<bar-eps-converted-to.pdf, id=14, 361.35pt x 252.945pt>
File: bar-eps-converted-to.pdf Graphic file (type pdf)
 <use bar-eps-converted-to.pdf>
Package pdftex.def Info: bar-eps-converted-to.pdf used on input line 105.
(pdftex.def)             Requested size: 338.5863pt x 237.01184pt.
Package epstopdf Info: Source file: <error.eps>
(epstopdf)                    date: 2018-03-25 17:44:48
(epstopdf)                    size: 26514 bytes
(epstopdf)             Output file: <error-eps-converted-to.pdf>
(epstopdf)                    date: 2018-03-25 22:49:04
(epstopdf)                    size: 13493 bytes
(epstopdf)             Command: <repstopdf --outfile=error-eps-converted-to.pdf
 error.eps>
(epstopdf)             \includegraphics on input line 109.
Package epstopdf Info: Output file is already uptodate.

<error-eps-converted-to.pdf, id=15, 361.35pt x 252.945pt>
File: error-eps-converted-to.pdf Graphic file (type pdf)
 <use error-eps-converted-to.pdf>
Package pdftex.def Info: error-eps-converted-to.pdf used on input line 109.
(pdftex.def)             Requested size: 338.5863pt x 237.01184pt.
Package atveryend Info: Empty hook `BeforeClearDocument' on input line 113.
 [1

{/var/lib/texmf/fonts/map/pdftex/updmap/pdftex.map} <./o1-eps-converted-to.pdf>
 <./o2-eps-converted-to.pdf> <./o4-eps-converted-to.pdf> <./o8-eps-converted-to
.pdf> <./o16-eps-converted-to.pdf>] [2 <./l1-eps-converted-to.pdf> <./l2-eps-co
nverted-to.pdf> <./l4-eps-converted-to.pdf> <./l8-eps-converted-to.pdf> <./l16-
eps-converted-to.pdf>] [3 <./bar-eps-converted-to.pdf> <./error-eps-converted-t
o.pdf>]
Package atveryend Info: Empty hook `AfterLastShipout' on input line 113.
 (./report.aux)
Package atveryend Info: Executing hook `AtVeryEndDocument' on input line 113.
Package atveryend Info: Executing hook `AtEndAfterFileList' on input line 113.
Package rerunfilecheck Info: File `report.out' has not changed.
(rerunfilecheck)             Checksum: D41D8CD98F00B204E9800998ECF8427E;0.

LaTeX Warning: There were multiply-defined labels.

Package atveryend Info: Empty hook `AtVeryVeryEnd' on input line 113.
 ) 
Here is how much of TeX's memory you used:
 6998 strings out of 493304
 107559 string characters out of 6139870
 284729 words of memory out of 5000000
 10415 multiletter control sequences out of 15000+600000
 4237 words of font info for 16 fonts, out of 8000000 for 9000
 957 hyphenation exceptions out of 8191
 42i,7n,40p,267b,445s stack positions out of 5000i,500n,10000p,200000b,80000s
</usr/share/texlive/texmf-dist/fonts/type1/public/amsfonts/cm/cmr10.pfb></usr
/share/texlive/texmf-dist/fonts/type1/public/amsfonts/cm/cmr12.pfb></usr/share/
texlive/texmf-dist/fonts/type1/public/amsfonts/cm/cmr9.pfb>
Output written on report.pdf (3 pages, 110845 bytes).
PDF statistics:
 110 PDF objects out of 1000 (max. 8388607)
 77 compressed objects within 1 object stream
 7 named destinations out of 1000 (max. 500000)
 61 words of extra memory for PDF output out of 10000 (max. 10000000)

